<?xml version="1.0" encoding="UTF-8"?>
<testng-results ignored="0" total="1" passed="1" failed="0" skipped="0">
  <reporter-output>
  </reporter-output>
  <suite started-at="2021-07-13T13:37:56Z" name="Suite" finished-at="2021-07-13T13:37:59Z" duration-ms="3394">
    <groups>
    </groups>
    <test started-at="2021-07-13T13:37:56Z" name="Test" finished-at="2021-07-13T13:37:59Z" duration-ms="3394">
      <class name="com.testcase.AddPlace">
        <test-method signature="test1()[pri:0, instance:com.testcase.AddPlace@61d6015a]" started-at="2021-07-13T19:07:56Z" name="test1" finished-at="2021-07-13T19:07:59Z" duration-ms="3372" status="PASS">
          <reporter-output>
          </reporter-output>
        </test-method> <!-- test1 -->
      </class> <!-- com.testcase.AddPlace -->
    </test> <!-- Test -->
  </suite> <!-- Suite -->
</testng-results>
